<?xml version="1.0" encoding="UTF-8"?>
<!-- Generated by org.testng.reporters.JUnitXMLReporter -->
<testsuite ignored="5" hostname="DESKTOP-MPGKTA2" failures="0" tests="3" name="Test" time="9.563" errors="0" timestamp="2025-12-10T22:42:27 IST">
  <testcase classname="testngpractice.J_TestNG_Annotations2_Execution_from_groups" name="chatgpt" time="3.157"/>
  <testcase classname="testngpractice.J_TestNG_Annotations2_Execution_from_groups" name="deepseek" time="1.048"/>
  <testcase classname="testngpractice.J_TestNG_Annotations2_Execution_from_groups" name="google" time="1.216"/>
  <testcase classname="testngpractice.J_TestNG_Annotations2_Execution_from_groups" name="redmine" time="0.0">
    <ignored/>
  </testcase> <!-- redmine -->
  <testcase classname="testngpractice.J_TestNG_Annotations2_Execution_from_groups" name="zomato" time="0.0">
    <ignored/>
  </testcase> <!-- zomato -->
  <testcase classname="testngpractice.J_TestNG_Annotations2_Execution_from_groups" name="twitter" time="0.0">
    <ignored/>
  </testcase> <!-- twitter -->
  <testcase classname="testngpractice.J_TestNG_Annotations2_Execution_from_groups" name="selenium" time="0.0">
    <ignored/>
  </testcase> <!-- selenium -->
  <testcase classname="testngpractice.J_TestNG_Annotations2_Execution_from_groups" name="swiggy" time="0.0">
    <ignored/>
  </testcase> <!-- swiggy -->
</testsuite> <!-- Test -->
