<?xml version="1.0" encoding="UTF-8"?>
<testng-results ignored="0" total="1" passed="1" failed="0" skipped="0">
  <reporter-output>
  </reporter-output>
  <suite started-at="2025-12-31T06:42:20 IST" name="Default suite" finished-at="2025-12-31T06:42:36 IST" duration-ms="15850">
    <groups>
    </groups>
    <test started-at="2025-12-31T06:42:20 IST" name="Default test" finished-at="2025-12-31T06:42:36 IST" duration-ms="15850">
      <class name="dropdownmenu.Sundar">
        <test-method is-config="true" signature="beforeTest()[pri:0, instance:dropdownmenu.Sundar@b3ca52e]" started-at="2025-12-31T06:42:20 IST" name="beforeTest" finished-at="2025-12-31T06:42:34 IST" duration-ms="14339" status="PASS">
          <reporter-output>
          </reporter-output>
        </test-method> <!-- beforeTest -->
        <test-method signature="google()[pri:0, instance:dropdownmenu.Sundar@b3ca52e]" started-at="2025-12-31T06:42:34 IST" name="google" finished-at="2025-12-31T06:42:36 IST" duration-ms="1241" status="PASS">
          <reporter-output>
          </reporter-output>
        </test-method> <!-- google -->
      </class> <!-- dropdownmenu.Sundar -->
    </test> <!-- Default test -->
  </suite> <!-- Default suite -->
</testng-results>
