<?xml version="1.0" encoding="UTF-8"?>
<testng-results ignored="0" total="1" passed="1" failed="0" skipped="0">
  <reporter-output>
  </reporter-output>
  <suite started-at="2025-12-21T13:35:17 IST" name="Default suite" finished-at="2025-12-21T13:35:26 IST" duration-ms="9400">
    <groups>
    </groups>
    <test started-at="2025-12-21T13:35:17 IST" name="Default test" finished-at="2025-12-21T13:35:26 IST" duration-ms="9400">
      <class name="log4jframework.Log4jTutorial">
        <test-method signature="tehlearnlogin()[pri:0, instance:log4jframework.Log4jTutorial@5b12b668]" started-at="2025-12-21T13:35:17 IST" name="tehlearnlogin" finished-at="2025-12-21T13:35:26 IST" duration-ms="9287" status="PASS">
          <reporter-output>
          </reporter-output>
        </test-method> <!-- tehlearnlogin -->
      </class> <!-- log4jframework.Log4jTutorial -->
    </test> <!-- Default test -->
  </suite> <!-- Default suite -->
</testng-results>
