<?xml version="1.0" encoding="UTF-8"?>
<!-- Generated by org.testng.reporters.JUnitReportReporter -->
<testsuite hostname="DESKTOP-MPGKTA2" failures="0" tests="7" name="testngpractice.G_TestNG_TC_Annotations_Invocation_Count" time="82.889" errors="0" timestamp="2025-12-10T21:26:15 IST" skipped="0">
  <testcase classname="testngpractice.G_TestNG_TC_Annotations_Invocation_Count" name="method1" time="22.031"/>
  <testcase classname="testngpractice.G_TestNG_TC_Annotations_Invocation_Count" name="method2" time="7.981"/>
  <testcase classname="testngpractice.G_TestNG_TC_Annotations_Invocation_Count" name="method2" time="10.647"/>
  <testcase classname="testngpractice.G_TestNG_TC_Annotations_Invocation_Count" name="method2" time="8.677"/>
  <testcase classname="testngpractice.G_TestNG_TC_Annotations_Invocation_Count" name="method2" time="10.102"/>
  <testcase classname="testngpractice.G_TestNG_TC_Annotations_Invocation_Count" name="method2" time="9.293"/>
  <testcase classname="testngpractice.G_TestNG_TC_Annotations_Invocation_Count" name="method3" time="14.158"/>
</testsuite> <!-- testngpractice.G_TestNG_TC_Annotations_Invocation_Count -->
