<?xml version="1.0" encoding="UTF-8"?>
<!-- Generated by org.testng.reporters.JUnitReportReporter -->
<testsuite hostname="DESKTOP-MPGKTA2" failures="0" tests="3" name="testngpractice.J_TestNG_Annotations2_Execution_from_groups" time="5.421" errors="0" timestamp="2025-12-10T22:42:27 IST" skipped="0">
  <testcase classname="testngpractice.J_TestNG_Annotations2_Execution_from_groups" name="google" time="1.216"/>
  <testcase classname="testngpractice.J_TestNG_Annotations2_Execution_from_groups" name="chatgpt" time="3.157"/>
  <testcase classname="testngpractice.J_TestNG_Annotations2_Execution_from_groups" name="deepseek" time="1.048"/>
</testsuite> <!-- testngpractice.J_TestNG_Annotations2_Execution_from_groups -->
