<?xml version="1.0" encoding="UTF-8"?>
<!-- Generated by org.testng.reporters.JUnitReportReporter -->
<testsuite hostname="DESKTOP-MPGKTA2" failures="0" tests="5" name="testngpractice.C_TestNG_TC_Annotations_Priority_Order" time="15.749" errors="0" timestamp="2025-12-10T22:11:50 IST" skipped="0">
  <testcase classname="testngpractice.C_TestNG_TC_Annotations_Priority_Order" name="zomato" time="1.495"/>
  <testcase classname="testngpractice.C_TestNG_TC_Annotations_Priority_Order" name="redmine" time="4.424"/>
  <testcase classname="testngpractice.C_TestNG_TC_Annotations_Priority_Order" name="swiggy" time="2.058"/>
  <testcase classname="testngpractice.C_TestNG_TC_Annotations_Priority_Order" name="selenium" time="1.192"/>
  <testcase classname="testngpractice.C_TestNG_TC_Annotations_Priority_Order" name="twitter" time="6.580"/>
</testsuite> <!-- testngpractice.C_TestNG_TC_Annotations_Priority_Order -->
