<?xml version="1.0" encoding="UTF-8"?>
<!-- Generated by org.testng.reporters.JUnitReportReporter -->
<testsuite hostname="DESKTOP-MPGKTA2" failures="0" tests="4" name="testngpractice.I_TestNG_Annotations2_Execution_from_XML" time="14.832" errors="0" timestamp="2025-12-10T21:57:33 IST" skipped="0">
  <testcase classname="testngpractice.I_TestNG_Annotations2_Execution_from_XML" name="twitter" time="7.005"/>
  <testcase classname="testngpractice.I_TestNG_Annotations2_Execution_from_XML" name="zomato" time="1.852"/>
  <testcase classname="testngpractice.I_TestNG_Annotations2_Execution_from_XML" name="redmine" time="3.925"/>
  <testcase classname="testngpractice.I_TestNG_Annotations2_Execution_from_XML" name="selenium" time="2.050"/>
</testsuite> <!-- testngpractice.I_TestNG_Annotations2_Execution_from_XML -->
