<?xml version="1.0" encoding="UTF-8"?>
<!-- Generated by org.testng.reporters.JUnitReportReporter -->
<testsuite hostname="DESKTOP-MPGKTA2" failures="0" tests="3" name="tabtitleapplicationurlapptext.VerifyTabTitleAppURLAppText" time="8.141" errors="0" timestamp="2025-12-11T22:28:12 IST" skipped="0">
  <testcase classname="tabtitleapplicationurlapptext.VerifyTabTitleAppURLAppText" name="verifyApplicationURL" time="4.605"/>
  <testcase classname="tabtitleapplicationurlapptext.VerifyTabTitleAppURLAppText" name="verifyTabTitle" time="1.412"/>
  <testcase classname="tabtitleapplicationurlapptext.VerifyTabTitleAppURLAppText" name="verifyApplicationtext" time="2.124"/>
</testsuite> <!-- tabtitleapplicationurlapptext.VerifyTabTitleAppURLAppText -->
