<?xml version="1.0" encoding="UTF-8"?>
<!-- Generated by org.testng.reporters.JUnitReportReporter -->
<testsuite hostname="DESKTOP-MPGKTA2" failures="0" tests="5" name="testngpractice.D_TestNG_TC_Annotations_Skip_Ignore_Disabled" time="7.445" errors="0" timestamp="2025-12-04T11:10:49 IST" skipped="2">
  <testcase classname="testngpractice.D_TestNG_TC_Annotations_Skip_Ignore_Disabled" name="zomato" time="1.993"/>
  <testcase classname="testngpractice.D_TestNG_TC_Annotations_Skip_Ignore_Disabled" name="swiggy" time="1.444"/>
  <testcase classname="testngpractice.D_TestNG_TC_Annotations_Skip_Ignore_Disabled" name="redmine" time="4.008"/>
  <testcase classname="testngpractice.D_TestNG_TC_Annotations_Skip_Ignore_Disabled" name="twitter">
    <skipped/>
  </testcase> <!-- twitter -->
  <testcase classname="testngpractice.D_TestNG_TC_Annotations_Skip_Ignore_Disabled" name="selenium">
    <skipped/>
  </testcase> <!-- selenium -->
</testsuite> <!-- testngpractice.D_TestNG_TC_Annotations_Skip_Ignore_Disabled -->
