<?xml version="1.0" encoding="UTF-8"?>
<!-- Generated by org.testng.reporters.JUnitReportReporter -->
<testsuite hostname="DESKTOP-MPGKTA2" failures="0" tests="5" name="testngpractice.A_TestNG_Annotations" time="24.960" errors="0" timestamp="2025-12-03T19:07:06 IST" skipped="0">
  <testcase classname="testngpractice.A_TestNG_Annotations" name="zomato" time="8.384"/>
  <testcase classname="testngpractice.A_TestNG_Annotations" name="swiggy" time="1.373"/>
  <testcase classname="testngpractice.A_TestNG_Annotations" name="selenium" time="4.220"/>
  <testcase classname="testngpractice.A_TestNG_Annotations" name="redmine" time="4.453"/>
  <testcase classname="testngpractice.A_TestNG_Annotations" name="twitter" time="6.530"/>
</testsuite> <!-- testngpractice.A_TestNG_Annotations -->
