<?xml version="1.0" encoding="UTF-8"?>
<!-- Generated by org.testng.reporters.JUnitReportReporter -->
<testsuite hostname="DESKTOP-MPGKTA2" failures="0" tests="2" name="testngpractice.F_TestNG_TC_Annotations_DependenOnMethods" time="17.507" errors="0" timestamp="2025-12-10T22:11:50 IST" skipped="0">
  <testcase classname="testngpractice.F_TestNG_TC_Annotations_DependenOnMethods" name="method1" time="7.830"/>
  <testcase classname="testngpractice.F_TestNG_TC_Annotations_DependenOnMethods" name="method2" time="9.677"/>
</testsuite> <!-- testngpractice.F_TestNG_TC_Annotations_DependenOnMethods -->
